SquashedGaussianMLPActor(
  (net): Sequential(
    (0): Linear(in_features=23, out_features=256, bias=True)
    (1): ReLU()
    (2): Linear(in_features=256, out_features=256, bias=True)
    (3): ReLU()
    (4): Linear(in_features=256, out_features=256, bias=True)
    (5): ReLU()
    (6): Linear(in_features=256, out_features=256, bias=True)
    (7): ReLU()
  )
  (mu_layer): Linear(in_features=256, out_features=6, bias=True)
  (log_std_layer): Linear(in_features=256, out_features=6, bias=True)
)Epoch: 1, Timestep: 1000, Reward: -0.13, Noise_std: 0.1004, Time: 00:00:00
Epoch: 2, Timestep: 2000, Reward: -57.77, Noise_std: 0.1008, Time: 00:00:07
Epoch: 3, Timestep: 3000, Reward: -286.23, Noise_std: 0.1012, Time: 00:00:14
Epoch: 4, Timestep: 4000, Reward: -161.79, Noise_std: 0.1016, Time: 00:00:21
Epoch: 5, Timestep: 5000, Reward: -142.88, Noise_std: 0.1020, Time: 00:00:27
Epoch: 6, Timestep: 6000, Reward: 43.50, Noise_std: 0.1024, Time: 00:00:34
Epoch: 7, Timestep: 7000, Reward: -27.07, Noise_std: 0.1028, Time: 00:00:41
Epoch: 8, Timestep: 8000, Reward: -94.04, Noise_std: 0.1032, Time: 00:00:48
Epoch: 9, Timestep: 9000, Reward: -188.33, Noise_std: 0.1036, Time: 00:00:55
Epoch: 10, Timestep: 10000, Reward: -51.32, Noise_std: 0.1040, Time: 00:01:02
Epoch: 11, Timestep: 11000, Reward: 1028.40, Noise_std: 0.1044, Time: 00:01:10
Epoch: 12, Timestep: 12000, Reward: 80.68, Noise_std: 0.1048, Time: 00:01:17
Epoch: 13, Timestep: 13000, Reward: 1856.92, Noise_std: 0.1052, Time: 00:01:25
Epoch: 14, Timestep: 14000, Reward: 72.21, Noise_std: 0.1056, Time: 00:01:33
Epoch: 15, Timestep: 15000, Reward: 1818.73, Noise_std: 0.1060, Time: 00:01:40
Epoch: 16, Timestep: 16000, Reward: 2738.53, Noise_std: 0.1064, Time: 00:01:48
Epoch: 17, Timestep: 17000, Reward: 1535.79, Noise_std: 0.1068, Time: 00:01:55
Epoch: 18, Timestep: 18000, Reward: 125.60, Noise_std: 0.1072, Time: 00:02:03
Epoch: 19, Timestep: 19000, Reward: 1564.44, Noise_std: 0.1076, Time: 00:02:10
Epoch: 20, Timestep: 20000, Reward: 343.74, Noise_std: 0.1080, Time: 00:02:18
Epoch: 21, Timestep: 21000, Reward: 560.53, Noise_std: 0.1084, Time: 00:02:25
Epoch: 22, Timestep: 22000, Reward: 22.53, Noise_std: 0.1088, Time: 00:02:33
Epoch: 23, Timestep: 23000, Reward: 568.94, Noise_std: 0.1092, Time: 00:02:40
Epoch: 24, Timestep: 24000, Reward: 1911.29, Noise_std: 0.1096, Time: 00:02:48
Epoch: 25, Timestep: 25000, Reward: 36.08, Noise_std: 0.1100, Time: 00:02:55
Epoch: 26, Timestep: 26000, Reward: 458.49, Noise_std: 0.1104, Time: 00:03:03
Epoch: 27, Timestep: 27000, Reward: 507.56, Noise_std: 0.1108, Time: 00:03:10
Epoch: 28, Timestep: 28000, Reward: 270.44, Noise_std: 0.1112, Time: 00:03:18
Epoch: 29, Timestep: 29000, Reward: 3602.96, Noise_std: 0.1116, Time: 00:03:25
Epoch: 30, Timestep: 30000, Reward: 3730.00, Noise_std: 0.1120, Time: 00:03:33
Epoch: 31, Timestep: 31000, Reward: 3011.23, Noise_std: 0.1124, Time: 00:03:40
Epoch: 32, Timestep: 32000, Reward: 4207.28, Noise_std: 0.1128, Time: 00:03:48
Epoch: 33, Timestep: 33000, Reward: 4389.20, Noise_std: 0.1132, Time: 00:03:55
Epoch: 34, Timestep: 34000, Reward: 4131.88, Noise_std: 0.1136, Time: 00:04:03
Epoch: 35, Timestep: 35000, Reward: 4370.37, Noise_std: 0.1140, Time: 00:04:10
Epoch: 36, Timestep: 36000, Reward: 4501.31, Noise_std: 0.1144, Time: 00:04:18
Epoch: 37, Timestep: 37000, Reward: 4329.40, Noise_std: 0.1148, Time: 00:04:25
Epoch: 38, Timestep: 38000, Reward: 4339.75, Noise_std: 0.1152, Time: 00:04:33
Epoch: 39, Timestep: 39000, Reward: 1063.16, Noise_std: 0.1156, Time: 00:04:40
Epoch: 40, Timestep: 40000, Reward: 4482.75, Noise_std: 0.1160, Time: 00:04:48
Epoch: 41, Timestep: 41000, Reward: 4501.49, Noise_std: 0.1164, Time: 00:04:55
Epoch: 42, Timestep: 42000, Reward: 4507.14, Noise_std: 0.1168, Time: 00:05:03
Epoch: 43, Timestep: 43000, Reward: 4696.55, Noise_std: 0.1172, Time: 00:05:10
Epoch: 44, Timestep: 44000, Reward: 4160.36, Noise_std: 0.1176, Time: 00:05:18
Epoch: 45, Timestep: 45000, Reward: 4320.19, Noise_std: 0.1180, Time: 00:05:25
Epoch: 46, Timestep: 46000, Reward: 4110.40, Noise_std: 0.1184, Time: 00:05:33
Epoch: 47, Timestep: 47000, Reward: 3564.00, Noise_std: 0.1188, Time: 00:05:40
Epoch: 48, Timestep: 48000, Reward: 3494.89, Noise_std: 0.1192, Time: 00:05:48
Epoch: 49, Timestep: 49000, Reward: 3778.30, Noise_std: 0.1196, Time: 00:05:55
Epoch: 50, Timestep: 50000, Reward: 3477.49, Noise_std: 0.1200, Time: 00:06:03
Epoch: 51, Timestep: 51000, Reward: 4074.57, Noise_std: 0.1204, Time: 00:06:10
Epoch: 52, Timestep: 52000, Reward: 4399.88, Noise_std: 0.1208, Time: 00:06:18
Epoch: 53, Timestep: 53000, Reward: 3515.97, Noise_std: 0.1212, Time: 00:06:25
Epoch: 54, Timestep: 54000, Reward: 3946.27, Noise_std: 0.1216, Time: 00:06:33
Epoch: 55, Timestep: 55000, Reward: 3634.45, Noise_std: 0.1220, Time: 00:06:40
Epoch: 56, Timestep: 56000, Reward: 3701.35, Noise_std: 0.1224, Time: 00:06:48
Epoch: 57, Timestep: 57000, Reward: 4162.55, Noise_std: 0.1228, Time: 00:06:55
Epoch: 58, Timestep: 58000, Reward: 3282.84, Noise_std: 0.1232, Time: 00:07:03
Epoch: 59, Timestep: 59000, Reward: 3571.34, Noise_std: 0.1236, Time: 00:07:10
Epoch: 60, Timestep: 60000, Reward: 3655.42, Noise_std: 0.1240, Time: 00:07:18
Epoch: 61, Timestep: 61000, Reward: 4042.78, Noise_std: 0.1244, Time: 00:07:25
Epoch: 62, Timestep: 62000, Reward: 3499.31, Noise_std: 0.1248, Time: 00:07:33
Epoch: 63, Timestep: 63000, Reward: 3929.92, Noise_std: 0.1252, Time: 00:07:40
Epoch: 64, Timestep: 64000, Reward: 4596.13, Noise_std: 0.1256, Time: 00:07:48
Epoch: 65, Timestep: 65000, Reward: 3697.19, Noise_std: 0.1260, Time: 00:07:55
Epoch: 66, Timestep: 66000, Reward: 3705.65, Noise_std: 0.1264, Time: 00:08:03
Epoch: 67, Timestep: 67000, Reward: 3740.33, Noise_std: 0.1268, Time: 00:08:10
Epoch: 68, Timestep: 68000, Reward: 3940.30, Noise_std: 0.1272, Time: 00:08:18
Epoch: 69, Timestep: 69000, Reward: 3214.74, Noise_std: 0.1276, Time: 00:08:25
Epoch: 70, Timestep: 70000, Reward: 3769.41, Noise_std: 0.1280, Time: 00:08:33
Epoch: 71, Timestep: 71000, Reward: 4333.28, Noise_std: 0.1284, Time: 00:08:40
Epoch: 72, Timestep: 72000, Reward: 4255.59, Noise_std: 0.1288, Time: 00:08:48
Epoch: 73, Timestep: 73000, Reward: 4353.87, Noise_std: 0.1292, Time: 00:08:55
Epoch: 74, Timestep: 74000, Reward: 4467.41, Noise_std: 0.1296, Time: 00:09:03
Epoch: 75, Timestep: 75000, Reward: 4067.08, Noise_std: 0.1300, Time: 00:09:11
Epoch: 76, Timestep: 76000, Reward: 3763.91, Noise_std: 0.1304, Time: 00:09:18
Epoch: 77, Timestep: 77000, Reward: 3848.64, Noise_std: 0.1308, Time: 00:09:25
Epoch: 78, Timestep: 78000, Reward: 4078.69, Noise_std: 0.1312, Time: 00:09:33
Epoch: 79, Timestep: 79000, Reward: 3970.99, Noise_std: 0.1316, Time: 00:09:40
Epoch: 80, Timestep: 80000, Reward: 3544.30, Noise_std: 0.1320, Time: 00:09:48
Epoch: 81, Timestep: 81000, Reward: 3602.14, Noise_std: 0.1324, Time: 00:09:55
Epoch: 82, Timestep: 82000, Reward: 4083.78, Noise_std: 0.1328, Time: 00:10:03
Epoch: 83, Timestep: 83000, Reward: 4269.11, Noise_std: 0.1332, Time: 00:10:11
Epoch: 84, Timestep: 84000, Reward: 3696.39, Noise_std: 0.1336, Time: 00:10:18
Epoch: 85, Timestep: 85000, Reward: 4352.84, Noise_std: 0.1340, Time: 00:10:26
Epoch: 86, Timestep: 86000, Reward: 4083.63, Noise_std: 0.1344, Time: 00:10:33
Epoch: 87, Timestep: 87000, Reward: 4341.50, Noise_std: 0.1348, Time: 00:10:41
Epoch: 88, Timestep: 88000, Reward: 4531.59, Noise_std: 0.1352, Time: 00:10:48
Epoch: 89, Timestep: 89000, Reward: 4248.97, Noise_std: 0.1356, Time: 00:10:56
Epoch: 90, Timestep: 90000, Reward: 3423.56, Noise_std: 0.1360, Time: 00:11:03
Epoch: 91, Timestep: 91000, Reward: 3991.38, Noise_std: 0.1364, Time: 00:11:11
Epoch: 92, Timestep: 92000, Reward: 3871.85, Noise_std: 0.1368, Time: 00:11:18
Epoch: 93, Timestep: 93000, Reward: 3772.60, Noise_std: 0.1372, Time: 00:11:26
Epoch: 94, Timestep: 94000, Reward: 3570.71, Noise_std: 0.1376, Time: 00:11:33
Epoch: 95, Timestep: 95000, Reward: 3694.35, Noise_std: 0.1380, Time: 00:11:41
Epoch: 96, Timestep: 96000, Reward: 3982.07, Noise_std: 0.1384, Time: 00:11:48
Epoch: 97, Timestep: 97000, Reward: 4001.37, Noise_std: 0.1388, Time: 00:11:56
Epoch: 98, Timestep: 98000, Reward: 3807.91, Noise_std: 0.1392, Time: 00:12:03
Epoch: 99, Timestep: 99000, Reward: 3103.10, Noise_std: 0.1396, Time: 00:12:11
Epoch: 100, Timestep: 100000, Reward: 3664.97, Noise_std: 0.1400, Time: 00:12:19
Epoch: 101, Timestep: 101000, Reward: 4333.34, Noise_std: 0.1404, Time: 00:12:26
Epoch: 102, Timestep: 102000, Reward: 4287.64, Noise_std: 0.1408, Time: 00:12:34
Epoch: 103, Timestep: 103000, Reward: 3984.91, Noise_std: 0.1412, Time: 00:12:41
Epoch: 104, Timestep: 104000, Reward: 3809.66, Noise_std: 0.1416, Time: 00:12:49
Epoch: 105, Timestep: 105000, Reward: 4135.79, Noise_std: 0.1420, Time: 00:12:56
Epoch: 106, Timestep: 106000, Reward: 3654.74, Noise_std: 0.1424, Time: 00:13:04
Epoch: 107, Timestep: 107000, Reward: 4289.05, Noise_std: 0.1428, Time: 00:13:11
Epoch: 108, Timestep: 108000, Reward: 3839.50, Noise_std: 0.1432, Time: 00:13:19
Epoch: 109, Timestep: 109000, Reward: 4446.36, Noise_std: 0.1436, Time: 00:13:26
Epoch: 110, Timestep: 110000, Reward: 4443.72, Noise_std: 0.1440, Time: 00:13:34
Epoch: 111, Timestep: 111000, Reward: 3658.51, Noise_std: 0.1444, Time: 00:13:41
Epoch: 112, Timestep: 112000, Reward: 3541.62, Noise_std: 0.1448, Time: 00:13:49
Epoch: 113, Timestep: 113000, Reward: 3570.51, Noise_std: 0.1452, Time: 00:13:56
Epoch: 114, Timestep: 114000, Reward: 3783.90, Noise_std: 0.1456, Time: 00:14:04
Epoch: 115, Timestep: 115000, Reward: 3628.67, Noise_std: 0.1460, Time: 00:14:11
Epoch: 116, Timestep: 116000, Reward: 4086.19, Noise_std: 0.1464, Time: 00:14:18
Epoch: 117, Timestep: 117000, Reward: 3834.96, Noise_std: 0.1468, Time: 00:14:26
Epoch: 118, Timestep: 118000, Reward: 3849.27, Noise_std: 0.1472, Time: 00:14:33
Epoch: 119, Timestep: 119000, Reward: 3153.48, Noise_std: 0.1476, Time: 00:14:41
Epoch: 120, Timestep: 120000, Reward: 3636.50, Noise_std: 0.1480, Time: 00:14:48
Epoch: 121, Timestep: 121000, Reward: 3578.92, Noise_std: 0.1484, Time: 00:14:56
Epoch: 122, Timestep: 122000, Reward: 3816.48, Noise_std: 0.1488, Time: 00:15:03
Epoch: 123, Timestep: 123000, Reward: 3801.57, Noise_std: 0.1492, Time: 00:15:11
Epoch: 124, Timestep: 124000, Reward: 4061.91, Noise_std: 0.1496, Time: 00:15:19
Epoch: 125, Timestep: 125000, Reward: 3644.73, Noise_std: 0.1500, Time: 00:15:26
Epoch: 126, Timestep: 126000, Reward: 4272.39, Noise_std: 0.1504, Time: 00:15:34
Epoch: 127, Timestep: 127000, Reward: 4045.54, Noise_std: 0.1508, Time: 00:15:41
Epoch: 128, Timestep: 128000, Reward: 3703.07, Noise_std: 0.1512, Time: 00:15:49
Epoch: 129, Timestep: 129000, Reward: 2993.82, Noise_std: 0.1516, Time: 00:15:56
Epoch: 130, Timestep: 130000, Reward: 3559.76, Noise_std: 0.1520, Time: 00:16:04
Epoch: 131, Timestep: 131000, Reward: 3774.30, Noise_std: 0.1524, Time: 00:16:11
Epoch: 132, Timestep: 132000, Reward: 4084.52, Noise_std: 0.1528, Time: 00:16:19
Epoch: 133, Timestep: 133000, Reward: 4281.13, Noise_std: 0.1532, Time: 00:16:26
Epoch: 134, Timestep: 134000, Reward: 4092.27, Noise_std: 0.1536, Time: 00:16:34
Epoch: 135, Timestep: 135000, Reward: 3493.25, Noise_std: 0.1540, Time: 00:16:41
Epoch: 136, Timestep: 136000, Reward: 3552.26, Noise_std: 0.1544, Time: 00:16:49
Epoch: 137, Timestep: 137000, Reward: 3893.72, Noise_std: 0.1548, Time: 00:16:56
Epoch: 138, Timestep: 138000, Reward: 4377.43, Noise_std: 0.1552, Time: 00:17:04
Epoch: 139, Timestep: 139000, Reward: 4259.32, Noise_std: 0.1556, Time: 00:17:11
Epoch: 140, Timestep: 140000, Reward: 4100.85, Noise_std: 0.1560, Time: 00:17:19
Epoch: 141, Timestep: 141000, Reward: 3343.28, Noise_std: 0.1564, Time: 00:17:26
Epoch: 142, Timestep: 142000, Reward: 3623.44, Noise_std: 0.1568, Time: 00:17:34
Epoch: 143, Timestep: 143000, Reward: 3731.23, Noise_std: 0.1572, Time: 00:17:41
Epoch: 144, Timestep: 144000, Reward: 2550.13, Noise_std: 0.1576, Time: 00:17:49
Epoch: 145, Timestep: 145000, Reward: 1600.42, Noise_std: 0.1580, Time: 00:17:57
Epoch: 146, Timestep: 146000, Reward: 3912.99, Noise_std: 0.1584, Time: 00:18:04
Epoch: 147, Timestep: 147000, Reward: 3299.42, Noise_std: 0.1588, Time: 00:18:11
Epoch: 148, Timestep: 148000, Reward: 3637.16, Noise_std: 0.1592, Time: 00:18:19
Epoch: 149, Timestep: 149000, Reward: 2906.91, Noise_std: 0.1596, Time: 00:18:26
Epoch: 150, Timestep: 150000, Reward: 2891.31, Noise_std: 0.1600, Time: 00:18:34
Epoch: 151, Timestep: 151000, Reward: 3273.80, Noise_std: 0.1604, Time: 00:18:41
Epoch: 152, Timestep: 152000, Reward: 4027.20, Noise_std: 0.1608, Time: 00:18:49
Epoch: 153, Timestep: 153000, Reward: 2624.88, Noise_std: 0.1612, Time: 00:18:56
Epoch: 154, Timestep: 154000, Reward: 4113.60, Noise_std: 0.1616, Time: 00:19:04
Epoch: 155, Timestep: 155000, Reward: 3893.78, Noise_std: 0.1620, Time: 00:19:11
Epoch: 156, Timestep: 156000, Reward: 3392.99, Noise_std: 0.1624, Time: 00:19:19
Epoch: 157, Timestep: 157000, Reward: 4057.91, Noise_std: 0.1628, Time: 00:19:26
Epoch: 158, Timestep: 158000, Reward: 4107.22, Noise_std: 0.1632, Time: 00:19:34
Epoch: 159, Timestep: 159000, Reward: 3970.61, Noise_std: 0.1636, Time: 00:19:41
Epoch: 160, Timestep: 160000, Reward: 4246.19, Noise_std: 0.1640, Time: 00:19:49
Epoch: 161, Timestep: 161000, Reward: 4038.79, Noise_std: 0.1644, Time: 00:19:56
Epoch: 162, Timestep: 162000, Reward: 4205.99, Noise_std: 0.1648, Time: 00:20:04
Epoch: 163, Timestep: 163000, Reward: 3676.96, Noise_std: 0.1652, Time: 00:20:11
Epoch: 164, Timestep: 164000, Reward: 3871.58, Noise_std: 0.1656, Time: 00:20:19
Epoch: 165, Timestep: 165000, Reward: 3839.40, Noise_std: 0.1660, Time: 00:20:27
Epoch: 166, Timestep: 166000, Reward: 4125.18, Noise_std: 0.1664, Time: 00:20:34
Epoch: 167, Timestep: 167000, Reward: 3706.88, Noise_std: 0.1668, Time: 00:20:42
Epoch: 168, Timestep: 168000, Reward: 3866.61, Noise_std: 0.1672, Time: 00:20:49
Epoch: 169, Timestep: 169000, Reward: 3508.04, Noise_std: 0.1676, Time: 00:20:57
Epoch: 170, Timestep: 170000, Reward: 3508.79, Noise_std: 0.1680, Time: 00:21:04
Epoch: 171, Timestep: 171000, Reward: 3669.74, Noise_std: 0.1684, Time: 00:21:12
Epoch: 172, Timestep: 172000, Reward: 3735.18, Noise_std: 0.1688, Time: 00:21:19
Epoch: 173, Timestep: 173000, Reward: 2651.64, Noise_std: 0.1692, Time: 00:21:27
Epoch: 174, Timestep: 174000, Reward: 3531.59, Noise_std: 0.1696, Time: 00:21:34
Epoch: 175, Timestep: 175000, Reward: 4073.64, Noise_std: 0.1700, Time: 00:21:42
Epoch: 176, Timestep: 176000, Reward: 3503.29, Noise_std: 0.1704, Time: 00:21:49
Epoch: 177, Timestep: 177000, Reward: 3502.12, Noise_std: 0.1708, Time: 00:21:57
Epoch: 178, Timestep: 178000, Reward: 4161.14, Noise_std: 0.1712, Time: 00:22:04
Epoch: 179, Timestep: 179000, Reward: 4059.17, Noise_std: 0.1716, Time: 00:22:12
Epoch: 180, Timestep: 180000, Reward: 4047.40, Noise_std: 0.1720, Time: 00:22:19
Epoch: 181, Timestep: 181000, Reward: 2762.15, Noise_std: 0.1724, Time: 00:22:27
Epoch: 182, Timestep: 182000, Reward: 3859.55, Noise_std: 0.1728, Time: 00:22:35
Epoch: 183, Timestep: 183000, Reward: 3643.15, Noise_std: 0.1732, Time: 00:22:42
Epoch: 184, Timestep: 184000, Reward: 3194.61, Noise_std: 0.1736, Time: 00:22:50
Epoch: 185, Timestep: 185000, Reward: 3802.13, Noise_std: 0.1740, Time: 00:22:57
Epoch: 186, Timestep: 186000, Reward: 3861.10, Noise_std: 0.1744, Time: 00:23:05
Epoch: 187, Timestep: 187000, Reward: 3608.65, Noise_std: 0.1748, Time: 00:23:13
Epoch: 188, Timestep: 188000, Reward: 4225.05, Noise_std: 0.1752, Time: 00:23:20
Epoch: 189, Timestep: 189000, Reward: 4100.87, Noise_std: 0.1756, Time: 00:23:28
Epoch: 190, Timestep: 190000, Reward: 4062.88, Noise_std: 0.1760, Time: 00:23:35
Epoch: 191, Timestep: 191000, Reward: 4026.63, Noise_std: 0.1764, Time: 00:23:43
Epoch: 192, Timestep: 192000, Reward: 3762.40, Noise_std: 0.1768, Time: 00:23:50
Epoch: 193, Timestep: 193000, Reward: 4224.41, Noise_std: 0.1772, Time: 00:23:57
Epoch: 194, Timestep: 194000, Reward: 3993.44, Noise_std: 0.1776, Time: 00:24:05
Epoch: 195, Timestep: 195000, Reward: 3681.60, Noise_std: 0.1780, Time: 00:24:13
Epoch: 196, Timestep: 196000, Reward: 3840.66, Noise_std: 0.1784, Time: 00:24:20
Epoch: 197, Timestep: 197000, Reward: 4234.40, Noise_std: 0.1788, Time: 00:24:28
Epoch: 198, Timestep: 198000, Reward: 4121.57, Noise_std: 0.1792, Time: 00:24:35
Epoch: 199, Timestep: 199000, Reward: 3484.22, Noise_std: 0.1796, Time: 00:24:43
Epoch: 200, Timestep: 200000, Reward: 4391.30, Noise_std: 0.1800, Time: 00:24:50
Epoch: 201, Timestep: 201000, Reward: 4049.49, Noise_std: 0.1804, Time: 00:24:58
Epoch: 202, Timestep: 202000, Reward: 4162.84, Noise_std: 0.1808, Time: 00:25:05
Epoch: 203, Timestep: 203000, Reward: 3928.53, Noise_std: 0.1812, Time: 00:25:13
Epoch: 204, Timestep: 204000, Reward: 4168.16, Noise_std: 0.1816, Time: 00:25:20
Epoch: 205, Timestep: 205000, Reward: 3433.47, Noise_std: 0.1820, Time: 00:25:28
Epoch: 206, Timestep: 206000, Reward: 3510.88, Noise_std: 0.1824, Time: 00:25:35
Epoch: 207, Timestep: 207000, Reward: 3333.99, Noise_std: 0.1828, Time: 00:25:43
Epoch: 208, Timestep: 208000, Reward: 4060.02, Noise_std: 0.1832, Time: 00:25:50
Epoch: 209, Timestep: 209000, Reward: 4157.49, Noise_std: 0.1836, Time: 00:25:58
Epoch: 210, Timestep: 210000, Reward: 4082.78, Noise_std: 0.1840, Time: 00:26:05
Epoch: 211, Timestep: 211000, Reward: 4026.84, Noise_std: 0.1844, Time: 00:26:13
Epoch: 212, Timestep: 212000, Reward: 4164.32, Noise_std: 0.1848, Time: 00:26:20
Epoch: 213, Timestep: 213000, Reward: 4107.89, Noise_std: 0.1852, Time: 00:26:28
Epoch: 214, Timestep: 214000, Reward: 3967.50, Noise_std: 0.1856, Time: 00:26:36
Epoch: 215, Timestep: 215000, Reward: 3720.35, Noise_std: 0.1860, Time: 00:26:43
Epoch: 216, Timestep: 216000, Reward: 3466.17, Noise_std: 0.1864, Time: 00:26:51
Epoch: 217, Timestep: 217000, Reward: 4193.86, Noise_std: 0.1868, Time: 00:26:58
Epoch: 218, Timestep: 218000, Reward: 3310.78, Noise_std: 0.1872, Time: 00:27:06
Epoch: 219, Timestep: 219000, Reward: 4359.94, Noise_std: 0.1876, Time: 00:27:13
Epoch: 220, Timestep: 220000, Reward: 4331.46, Noise_std: 0.1880, Time: 00:27:21
Epoch: 221, Timestep: 221000, Reward: 4180.44, Noise_std: 0.1884, Time: 00:27:28
Epoch: 222, Timestep: 222000, Reward: 4477.26, Noise_std: 0.1888, Time: 00:27:36
Epoch: 223, Timestep: 223000, Reward: 4357.23, Noise_std: 0.1892, Time: 00:27:43
Epoch: 224, Timestep: 224000, Reward: 4412.04, Noise_std: 0.1896, Time: 00:27:51
Epoch: 225, Timestep: 225000, Reward: 4441.05, Noise_std: 0.1900, Time: 00:27:58
Epoch: 226, Timestep: 226000, Reward: 4045.04, Noise_std: 0.1904, Time: 00:28:06
Epoch: 227, Timestep: 227000, Reward: 4194.45, Noise_std: 0.1908, Time: 00:28:13
Epoch: 228, Timestep: 228000, Reward: 4488.94, Noise_std: 0.1912, Time: 00:28:21
Epoch: 229, Timestep: 229000, Reward: 4180.72, Noise_std: 0.1916, Time: 00:28:28
Epoch: 230, Timestep: 230000, Reward: 4054.04, Noise_std: 0.1920, Time: 00:28:36
Epoch: 231, Timestep: 231000, Reward: 4273.12, Noise_std: 0.1924, Time: 00:28:43
Epoch: 232, Timestep: 232000, Reward: 4338.70, Noise_std: 0.1928, Time: 00:28:51
Epoch: 233, Timestep: 233000, Reward: 4423.15, Noise_std: 0.1932, Time: 00:28:58
Epoch: 234, Timestep: 234000, Reward: 4233.76, Noise_std: 0.1936, Time: 00:29:06
Epoch: 235, Timestep: 235000, Reward: 4350.40, Noise_std: 0.1940, Time: 00:29:13
Epoch: 236, Timestep: 236000, Reward: 4821.12, Noise_std: 0.1944, Time: 00:29:21
Epoch: 237, Timestep: 237000, Reward: 4962.08, Noise_std: 0.1948, Time: 00:29:28
Epoch: 238, Timestep: 238000, Reward: 4855.09, Noise_std: 0.1952, Time: 00:29:36
Epoch: 239, Timestep: 239000, Reward: 4557.01, Noise_std: 0.1956, Time: 00:29:43
Epoch: 240, Timestep: 240000, Reward: 4575.89, Noise_std: 0.1960, Time: 00:29:51
Epoch: 241, Timestep: 241000, Reward: 4558.11, Noise_std: 0.1964, Time: 00:29:58
Epoch: 242, Timestep: 242000, Reward: 4364.65, Noise_std: 0.1968, Time: 00:30:06
Epoch: 243, Timestep: 243000, Reward: 4690.57, Noise_std: 0.1972, Time: 00:30:13
Epoch: 244, Timestep: 244000, Reward: 4591.52, Noise_std: 0.1976, Time: 00:30:21
Epoch: 245, Timestep: 245000, Reward: 4735.43, Noise_std: 0.1980, Time: 00:30:28
Epoch: 246, Timestep: 246000, Reward: 4408.73, Noise_std: 0.1984, Time: 00:30:36
Epoch: 247, Timestep: 247000, Reward: 4328.81, Noise_std: 0.1988, Time: 00:30:43
Epoch: 248, Timestep: 248000, Reward: 3917.23, Noise_std: 0.1992, Time: 00:30:51
Epoch: 249, Timestep: 249000, Reward: 4386.98, Noise_std: 0.1996, Time: 00:30:58
Epoch: 250, Timestep: 250000, Reward: 4219.41, Noise_std: 0.2000, Time: 00:31:06
Epoch: 251, Timestep: 251000, Reward: 4447.20, Noise_std: 0.2004, Time: 00:31:13
Epoch: 252, Timestep: 252000, Reward: 4275.57, Noise_std: 0.2008, Time: 00:31:21
Epoch: 253, Timestep: 253000, Reward: 4152.49, Noise_std: 0.2012, Time: 00:31:28
Epoch: 254, Timestep: 254000, Reward: 4071.34, Noise_std: 0.2016, Time: 00:31:36
Epoch: 255, Timestep: 255000, Reward: 4336.39, Noise_std: 0.2020, Time: 00:31:43
Epoch: 256, Timestep: 256000, Reward: 3013.03, Noise_std: 0.2024, Time: 00:31:50
Epoch: 257, Timestep: 257000, Reward: 3065.02, Noise_std: 0.2028, Time: 00:31:58
Epoch: 258, Timestep: 258000, Reward: 4266.03, Noise_std: 0.2032, Time: 00:32:05
Epoch: 259, Timestep: 259000, Reward: 3802.53, Noise_std: 0.2036, Time: 00:32:13
Epoch: 260, Timestep: 260000, Reward: 4056.28, Noise_std: 0.2040, Time: 00:32:20
Epoch: 261, Timestep: 261000, Reward: 4415.62, Noise_std: 0.2044, Time: 00:32:28
Epoch: 262, Timestep: 262000, Reward: 4632.94, Noise_std: 0.2048, Time: 00:32:36
Epoch: 263, Timestep: 263000, Reward: 4647.95, Noise_std: 0.2052, Time: 00:32:43
Epoch: 264, Timestep: 264000, Reward: 4561.04, Noise_std: 0.2056, Time: 00:32:51
Epoch: 265, Timestep: 265000, Reward: 4513.69, Noise_std: 0.2060, Time: 00:32:58
Epoch: 266, Timestep: 266000, Reward: 4301.49, Noise_std: 0.2064, Time: 00:33:06
Epoch: 267, Timestep: 267000, Reward: 4078.70, Noise_std: 0.2068, Time: 00:33:13
Epoch: 268, Timestep: 268000, Reward: 4359.86, Noise_std: 0.2072, Time: 00:33:21
Epoch: 269, Timestep: 269000, Reward: 4693.74, Noise_std: 0.2076, Time: 00:33:28
Epoch: 270, Timestep: 270000, Reward: 3991.24, Noise_std: 0.2080, Time: 00:33:36
Epoch: 271, Timestep: 271000, Reward: 4136.88, Noise_std: 0.2084, Time: 00:33:43
Epoch: 272, Timestep: 272000, Reward: 2841.84, Noise_std: 0.2088, Time: 00:33:51
Epoch: 273, Timestep: 273000, Reward: 4365.13, Noise_std: 0.2092, Time: 00:33:58
Epoch: 274, Timestep: 274000, Reward: 3887.76, Noise_std: 0.2096, Time: 00:34:06
Epoch: 275, Timestep: 275000, Reward: 3422.77, Noise_std: 0.2100, Time: 00:34:13
Epoch: 276, Timestep: 276000, Reward: 4469.47, Noise_std: 0.2104, Time: 00:34:21
Epoch: 277, Timestep: 277000, Reward: 4194.05, Noise_std: 0.2108, Time: 00:34:28
Epoch: 278, Timestep: 278000, Reward: 4071.22, Noise_std: 0.2112, Time: 00:34:36
Epoch: 279, Timestep: 279000, Reward: 4454.44, Noise_std: 0.2116, Time: 00:34:43
Epoch: 280, Timestep: 280000, Reward: 4539.68, Noise_std: 0.2120, Time: 00:34:51
Epoch: 281, Timestep: 281000, Reward: 4041.08, Noise_std: 0.2124, Time: 00:34:58
Epoch: 282, Timestep: 282000, Reward: 4293.64, Noise_std: 0.2128, Time: 00:35:06
Epoch: 283, Timestep: 283000, Reward: 4402.03, Noise_std: 0.2132, Time: 00:35:13
Epoch: 284, Timestep: 284000, Reward: 4107.97, Noise_std: 0.2136, Time: 00:35:21
Epoch: 285, Timestep: 285000, Reward: 3807.55, Noise_std: 0.2140, Time: 00:35:28
Epoch: 286, Timestep: 286000, Reward: 4133.82, Noise_std: 0.2144, Time: 00:35:36
Epoch: 287, Timestep: 287000, Reward: 4327.15, Noise_std: 0.2148, Time: 00:35:43
Epoch: 288, Timestep: 288000, Reward: 4498.29, Noise_std: 0.2152, Time: 00:35:51
Epoch: 289, Timestep: 289000, Reward: 3746.55, Noise_std: 0.2156, Time: 00:35:58
Epoch: 290, Timestep: 290000, Reward: 4039.08, Noise_std: 0.2160, Time: 00:36:05
Epoch: 291, Timestep: 291000, Reward: 3909.92, Noise_std: 0.2164, Time: 00:36:13
Epoch: 292, Timestep: 292000, Reward: 4219.24, Noise_std: 0.2168, Time: 00:36:20
Epoch: 293, Timestep: 293000, Reward: 4240.69, Noise_std: 0.2172, Time: 00:36:28
Epoch: 294, Timestep: 294000, Reward: 4099.08, Noise_std: 0.2176, Time: 00:36:35
Epoch: 295, Timestep: 295000, Reward: 3961.24, Noise_std: 0.2180, Time: 00:36:43
Epoch: 296, Timestep: 296000, Reward: 4504.73, Noise_std: 0.2184, Time: 00:36:51
Epoch: 297, Timestep: 297000, Reward: 4330.24, Noise_std: 0.2188, Time: 00:36:58
Epoch: 298, Timestep: 298000, Reward: 4383.99, Noise_std: 0.2192, Time: 00:37:06
Epoch: 299, Timestep: 299000, Reward: 4196.57, Noise_std: 0.2196, Time: 00:37:13
Epoch: 300, Timestep: 300000, Reward: 4221.11, Noise_std: 0.2200, Time: 00:37:21
Epoch: 301, Timestep: 301000, Reward: 4717.55, Noise_std: 0.2204, Time: 00:37:28
Epoch: 302, Timestep: 302000, Reward: 4756.76, Noise_std: 0.2208, Time: 00:37:36
Epoch: 303, Timestep: 303000, Reward: 4433.88, Noise_std: 0.2212, Time: 00:37:44
Epoch: 304, Timestep: 304000, Reward: 3308.45, Noise_std: 0.2216, Time: 00:37:51
Epoch: 305, Timestep: 305000, Reward: 3709.64, Noise_std: 0.2220, Time: 00:37:59
Epoch: 306, Timestep: 306000, Reward: 3543.05, Noise_std: 0.2224, Time: 00:38:06
Epoch: 307, Timestep: 307000, Reward: 4212.97, Noise_std: 0.2228, Time: 00:38:14
Epoch: 308, Timestep: 308000, Reward: 4482.20, Noise_std: 0.2232, Time: 00:38:21
Epoch: 309, Timestep: 309000, Reward: 4660.61, Noise_std: 0.2236, Time: 00:38:29
Epoch: 310, Timestep: 310000, Reward: 4162.90, Noise_std: 0.2240, Time: 00:38:36
Epoch: 311, Timestep: 311000, Reward: 4527.56, Noise_std: 0.2244, Time: 00:38:44
Epoch: 312, Timestep: 312000, Reward: 4854.42, Noise_std: 0.2248, Time: 00:38:51
Epoch: 313, Timestep: 313000, Reward: 4902.32, Noise_std: 0.2252, Time: 00:38:59
Epoch: 314, Timestep: 314000, Reward: 4840.63, Noise_std: 0.2256, Time: 00:39:06
Epoch: 315, Timestep: 315000, Reward: 4491.78, Noise_std: 0.2260, Time: 00:39:14
Epoch: 316, Timestep: 316000, Reward: 4151.11, Noise_std: 0.2264, Time: 00:39:21
Epoch: 317, Timestep: 317000, Reward: 3717.26, Noise_std: 0.2268, Time: 00:39:29
Epoch: 318, Timestep: 318000, Reward: 4573.60, Noise_std: 0.2272, Time: 00:39:36
Epoch: 319, Timestep: 319000, Reward: 3847.63, Noise_std: 0.2276, Time: 00:39:44
Epoch: 320, Timestep: 320000, Reward: 4443.53, Noise_std: 0.2280, Time: 00:39:51
Epoch: 321, Timestep: 321000, Reward: 4203.22, Noise_std: 0.2284, Time: 00:39:59
Epoch: 322, Timestep: 322000, Reward: 4292.17, Noise_std: 0.2288, Time: 00:40:06
Epoch: 323, Timestep: 323000, Reward: 4431.36, Noise_std: 0.2292, Time: 00:40:14
Epoch: 324, Timestep: 324000, Reward: 3811.16, Noise_std: 0.2296, Time: 00:40:21
Epoch: 325, Timestep: 325000, Reward: 4040.94, Noise_std: 0.2300, Time: 00:40:29
Epoch: 326, Timestep: 326000, Reward: 4401.93, Noise_std: 0.2304, Time: 00:40:36
Epoch: 327, Timestep: 327000, Reward: 4470.59, Noise_std: 0.2308, Time: 00:40:44
Epoch: 328, Timestep: 328000, Reward: 3717.96, Noise_std: 0.2312, Time: 00:40:51
Epoch: 329, Timestep: 329000, Reward: 3545.86, Noise_std: 0.2316, Time: 00:40:59
Epoch: 330, Timestep: 330000, Reward: 3520.19, Noise_std: 0.2320, Time: 00:41:06
Epoch: 331, Timestep: 331000, Reward: 4092.46, Noise_std: 0.2324, Time: 00:41:14
Epoch: 332, Timestep: 332000, Reward: 4533.82, Noise_std: 0.2328, Time: 00:41:21
Epoch: 333, Timestep: 333000, Reward: 4671.30, Noise_std: 0.2332, Time: 00:41:29
Epoch: 334, Timestep: 334000, Reward: 4539.48, Noise_std: 0.2336, Time: 00:41:36
Epoch: 335, Timestep: 335000, Reward: 4663.85, Noise_std: 0.2340, Time: 00:41:44
Epoch: 336, Timestep: 336000, Reward: 4465.44, Noise_std: 0.2344, Time: 00:41:51
Epoch: 337, Timestep: 337000, Reward: 4671.61, Noise_std: 0.2348, Time: 00:41:59
Epoch: 338, Timestep: 338000, Reward: 4082.27, Noise_std: 0.2352, Time: 00:42:06
Epoch: 339, Timestep: 339000, Reward: 4246.93, Noise_std: 0.2356, Time: 00:42:13
Epoch: 340, Timestep: 340000, Reward: 4212.28, Noise_std: 0.2360, Time: 00:42:21
Epoch: 341, Timestep: 341000, Reward: 4991.87, Noise_std: 0.2364, Time: 00:42:28
Epoch: 342, Timestep: 342000, Reward: 4770.13, Noise_std: 0.2368, Time: 00:42:36
Epoch: 343, Timestep: 343000, Reward: 5164.60, Noise_std: 0.2372, Time: 00:42:43
Epoch: 344, Timestep: 344000, Reward: 4374.39, Noise_std: 0.2376, Time: 00:42:51
Epoch: 345, Timestep: 345000, Reward: 5040.10, Noise_std: 0.2380, Time: 00:42:58
Epoch: 346, Timestep: 346000, Reward: 4942.30, Noise_std: 0.2384, Time: 00:43:06
Epoch: 347, Timestep: 347000, Reward: 4479.54, Noise_std: 0.2388, Time: 00:43:13
Epoch: 348, Timestep: 348000, Reward: 4573.67, Noise_std: 0.2392, Time: 00:43:21
Epoch: 349, Timestep: 349000, Reward: 3891.63, Noise_std: 0.2396, Time: 00:43:28
Epoch: 350, Timestep: 350000, Reward: 4617.73, Noise_std: 0.2400, Time: 00:43:36
Epoch: 351, Timestep: 351000, Reward: 3906.67, Noise_std: 0.2404, Time: 00:43:43
Epoch: 352, Timestep: 352000, Reward: 3580.89, Noise_std: 0.2408, Time: 00:43:51
Epoch: 353, Timestep: 353000, Reward: 3749.44, Noise_std: 0.2412, Time: 00:43:58
Epoch: 354, Timestep: 354000, Reward: 3969.21, Noise_std: 0.2416, Time: 00:44:05
Epoch: 355, Timestep: 355000, Reward: 4607.91, Noise_std: 0.2420, Time: 00:44:13
Epoch: 356, Timestep: 356000, Reward: 4807.91, Noise_std: 0.2424, Time: 00:44:20
Epoch: 357, Timestep: 357000, Reward: 4604.27, Noise_std: 0.2428, Time: 00:44:28
Epoch: 358, Timestep: 358000, Reward: 4558.09, Noise_std: 0.2432, Time: 00:44:35
Epoch: 359, Timestep: 359000, Reward: 4358.97, Noise_std: 0.2436, Time: 00:44:43
Epoch: 360, Timestep: 360000, Reward: 3661.63, Noise_std: 0.2440, Time: 00:44:51
Epoch: 361, Timestep: 361000, Reward: 4497.58, Noise_std: 0.2444, Time: 00:44:58
Epoch: 362, Timestep: 362000, Reward: 4336.35, Noise_std: 0.2448, Time: 00:45:06
Epoch: 363, Timestep: 363000, Reward: 4312.58, Noise_std: 0.2452, Time: 00:45:13
Epoch: 364, Timestep: 364000, Reward: 4681.66, Noise_std: 0.2456, Time: 00:45:21
Epoch: 365, Timestep: 365000, Reward: 4704.67, Noise_std: 0.2460, Time: 00:45:28
Epoch: 366, Timestep: 366000, Reward: 4593.19, Noise_std: 0.2464, Time: 00:45:36
Epoch: 367, Timestep: 367000, Reward: 4979.70, Noise_std: 0.2468, Time: 00:45:43
Epoch: 368, Timestep: 368000, Reward: 4498.50, Noise_std: 0.2472, Time: 00:45:50
Epoch: 369, Timestep: 369000, Reward: 4135.39, Noise_std: 0.2476, Time: 00:45:58
Epoch: 370, Timestep: 370000, Reward: 4530.27, Noise_std: 0.2480, Time: 00:46:06
Epoch: 371, Timestep: 371000, Reward: 4625.07, Noise_std: 0.2484, Time: 00:46:13
Epoch: 372, Timestep: 372000, Reward: 4245.85, Noise_std: 0.2488, Time: 00:46:21
Epoch: 373, Timestep: 373000, Reward: 4600.28, Noise_std: 0.2492, Time: 00:46:28
Epoch: 374, Timestep: 374000, Reward: 3768.05, Noise_std: 0.2496, Time: 00:46:36
Epoch: 375, Timestep: 375000, Reward: 4068.24, Noise_std: 0.2500, Time: 00:46:43
Epoch: 376, Timestep: 376000, Reward: 4228.72, Noise_std: 0.2504, Time: 00:46:51
Epoch: 377, Timestep: 377000, Reward: 4156.52, Noise_std: 0.2508, Time: 00:46:58
Epoch: 378, Timestep: 378000, Reward: 4231.84, Noise_std: 0.2512, Time: 00:47:06
Epoch: 379, Timestep: 379000, Reward: 4832.43, Noise_std: 0.2516, Time: 00:47:13
Epoch: 380, Timestep: 380000, Reward: 4034.78, Noise_std: 0.2520, Time: 00:47:21
Epoch: 381, Timestep: 381000, Reward: 4405.34, Noise_std: 0.2524, Time: 00:47:28
Epoch: 382, Timestep: 382000, Reward: 4831.80, Noise_std: 0.2528, Time: 00:47:36
Epoch: 383, Timestep: 383000, Reward: 4771.19, Noise_std: 0.2532, Time: 00:47:43
Epoch: 384, Timestep: 384000, Reward: 4068.36, Noise_std: 0.2536, Time: 00:47:51
Epoch: 385, Timestep: 385000, Reward: 3947.48, Noise_std: 0.2540, Time: 00:47:58
Epoch: 386, Timestep: 386000, Reward: 4325.92, Noise_std: 0.2544, Time: 00:48:06
Epoch: 387, Timestep: 387000, Reward: 4846.86, Noise_std: 0.2548, Time: 00:48:14
Epoch: 388, Timestep: 388000, Reward: 4042.69, Noise_std: 0.2552, Time: 00:48:21
Epoch: 389, Timestep: 389000, Reward: 4547.31, Noise_std: 0.2556, Time: 00:48:29
Epoch: 390, Timestep: 390000, Reward: 4519.54, Noise_std: 0.2560, Time: 00:48:36
Epoch: 391, Timestep: 391000, Reward: 4984.53, Noise_std: 0.2564, Time: 00:48:44
Epoch: 392, Timestep: 392000, Reward: 4716.53, Noise_std: 0.2568, Time: 00:48:52
Epoch: 393, Timestep: 393000, Reward: 3875.54, Noise_std: 0.2572, Time: 00:48:59
Epoch: 394, Timestep: 394000, Reward: 4495.19, Noise_std: 0.2576, Time: 00:49:07
Epoch: 395, Timestep: 395000, Reward: 3672.99, Noise_std: 0.2580, Time: 00:49:14
Epoch: 396, Timestep: 396000, Reward: 4743.35, Noise_std: 0.2584, Time: 00:49:21
Epoch: 397, Timestep: 397000, Reward: 4638.05, Noise_std: 0.2588, Time: 00:49:29
Epoch: 398, Timestep: 398000, Reward: 4909.50, Noise_std: 0.2592, Time: 00:49:37
Epoch: 399, Timestep: 399000, Reward: 4167.56, Noise_std: 0.2596, Time: 00:49:44
Epoch: 400, Timestep: 400000, Reward: 4070.66, Noise_std: 0.2600, Time: 00:49:52
Epoch: 401, Timestep: 401000, Reward: 4605.84, Noise_std: 0.2604, Time: 00:49:59
Epoch: 402, Timestep: 402000, Reward: 4439.03, Noise_std: 0.2608, Time: 00:50:07
Epoch: 403, Timestep: 403000, Reward: 4652.96, Noise_std: 0.2612, Time: 00:50:14
Epoch: 404, Timestep: 404000, Reward: 4831.18, Noise_std: 0.2616, Time: 00:50:21
Epoch: 405, Timestep: 405000, Reward: 4399.25, Noise_std: 0.2620, Time: 00:50:29
Epoch: 406, Timestep: 406000, Reward: 4814.92, Noise_std: 0.2624, Time: 00:50:36
Epoch: 407, Timestep: 407000, Reward: 4994.96, Noise_std: 0.2628, Time: 00:50:44
Epoch: 408, Timestep: 408000, Reward: 4913.61, Noise_std: 0.2632, Time: 00:50:52
Epoch: 409, Timestep: 409000, Reward: 4984.26, Noise_std: 0.2636, Time: 00:50:59
Epoch: 410, Timestep: 410000, Reward: 4801.09, Noise_std: 0.2640, Time: 00:51:07
Epoch: 411, Timestep: 411000, Reward: 4755.05, Noise_std: 0.2644, Time: 00:51:14
Epoch: 412, Timestep: 412000, Reward: 4385.38, Noise_std: 0.2648, Time: 00:51:22
Epoch: 413, Timestep: 413000, Reward: 5231.24, Noise_std: 0.2652, Time: 00:51:29
Epoch: 414, Timestep: 414000, Reward: 4756.97, Noise_std: 0.2656, Time: 00:51:37
Epoch: 415, Timestep: 415000, Reward: 4818.74, Noise_std: 0.2660, Time: 00:51:44
Epoch: 416, Timestep: 416000, Reward: 5130.07, Noise_std: 0.2664, Time: 00:51:52
Epoch: 417, Timestep: 417000, Reward: 5338.72, Noise_std: 0.2668, Time: 00:51:59
Epoch: 418, Timestep: 418000, Reward: 4883.47, Noise_std: 0.2672, Time: 00:52:07
Epoch: 419, Timestep: 419000, Reward: 4756.95, Noise_std: 0.2676, Time: 00:52:14
Epoch: 420, Timestep: 420000, Reward: 4451.67, Noise_std: 0.2680, Time: 00:52:22
Epoch: 421, Timestep: 421000, Reward: 4975.45, Noise_std: 0.2684, Time: 00:52:30
Epoch: 422, Timestep: 422000, Reward: 4453.61, Noise_std: 0.2688, Time: 00:52:37
Epoch: 423, Timestep: 423000, Reward: 5111.55, Noise_std: 0.2692, Time: 00:52:45
Epoch: 424, Timestep: 424000, Reward: 4658.22, Noise_std: 0.2696, Time: 00:52:52
Epoch: 425, Timestep: 425000, Reward: 4816.19, Noise_std: 0.2700, Time: 00:53:00
Epoch: 426, Timestep: 426000, Reward: 4916.88, Noise_std: 0.2704, Time: 00:53:07
Epoch: 427, Timestep: 427000, Reward: 4391.35, Noise_std: 0.2708, Time: 00:53:15
Epoch: 428, Timestep: 428000, Reward: 5544.68, Noise_std: 0.2712, Time: 00:53:22
Epoch: 429, Timestep: 429000, Reward: 4583.00, Noise_std: 0.2716, Time: 00:53:30
Epoch: 430, Timestep: 430000, Reward: 5193.79, Noise_std: 0.2720, Time: 00:53:38
Epoch: 431, Timestep: 431000, Reward: 5110.21, Noise_std: 0.2724, Time: 00:53:45
Epoch: 432, Timestep: 432000, Reward: 5304.82, Noise_std: 0.2728, Time: 00:53:53
Epoch: 433, Timestep: 433000, Reward: 4873.44, Noise_std: 0.2732, Time: 00:54:01
Epoch: 434, Timestep: 434000, Reward: 5308.58, Noise_std: 0.2736, Time: 00:54:09
Epoch: 435, Timestep: 435000, Reward: 5286.46, Noise_std: 0.2740, Time: 00:54:16
Epoch: 436, Timestep: 436000, Reward: 4747.85, Noise_std: 0.2744, Time: 00:54:24
Epoch: 437, Timestep: 437000, Reward: 4992.66, Noise_std: 0.2748, Time: 00:54:31
